<?xml version="1.0" encoding="UTF-8"?>
<beans xmlns="http://www.springframework.org/schema/beans"
       xmlns:xsi="http://www.w3.org/2001/XMLSchema-instance"
       xmlns:context="http://www.springframework.org/schema/context"
       xmlns:jpa="http://www.springframework.org/schema/data/jpa"
       xsi:schemaLocation="http://www.springframework.org/schema/beans http://www.springframework.org/schema/beans/spring-beans-3.1.xsd
http://www.springframework.org/schema/context http://www.springframework.org/schema/context/spring-context-3.1.xsd
http://www.springframework.org/schema/data/jpa http://www.springframework.org/schema/data/jpa/spring-jpa.xsd">
    <jpa:repositories base-package="com.confluex.security.dao"/>
    <context:component-scan base-package="com.confluex.security.config"/>
    <context:component-scan base-package="com.confluex.security.service"/>


    <bean id="authenticationManager" class="org.springframework.security.authentication.ProviderManager">
        <constructor-arg>
            <list>
                <bean class="org.springframework.security.authentication.TestingAuthenticationProvider"/>
            </list>
        </constructor-arg>
    </bean>
</beans>