<?xml version="1.0" encoding="UTF-8"?>
<beans xmlns="http://www.springframework.org/schema/beans"
       xmlns:xsi="http://www.w3.org/2001/XMLSchema-instance"
       xmlns:zuul="http://www.devnull.org/schema/zuul-spring-client"
       xmlns:context="http://www.springframework.org/schema/context"
       xsi:schemaLocation="
http://www.springframework.org/schema/beans http://www.springframework.org/schema/beans/spring-beans-3.1.xsd
http://www.devnull.org/schema/zuul-spring-client http://www.devnull.org/schema/zuul-spring-client-1.1.xsd
http://www.springframework.org/schema/context http://www.springframework.org/schema/context/spring-context-3.1.xsd">

    <!--
        The following is an example of how to scope your settings by environment via the use of Spring profiles:

        http://javasplitter.blogspot.com/2011/06/bean-definition-profiles-and.html

        In the future, the zuul spring client will have an option to load the correct environments by reading
        the active profiles.

        https://github.com/mcantrell/Zuul/issues/33
    -->

    <beans profile="prod">
        <context:property-placeholder properties-ref="appDataConfig"/>
        <zuul:properties id="appDataConfig" config="app-data-config" port="8081" environment="prod" password="badpassword1"/>
    </beans>
    <beans profile="qa">
        <context:property-placeholder properties-ref="appDataConfig"/>
        <zuul:properties id="appDataConfig" config="app-data-config" port="8081" environment="qa" password="badpassword1"/>
    </beans>
    <beans profile="dev">
        <context:property-placeholder properties-ref="appDataConfig"/>
        <zuul:properties id="appDataConfig" config="app-data-config" port="8081" environment="dev" password="badpassword1"/>
    </beans>

</beans>
