<?xml version="1.0" encoding="UTF-8"?>
<beans xmlns="http://www.springframework.org/schema/beans"
       xmlns:xsi="http://www.w3.org/2001/XMLSchema-instance"
       xmlns:zuul="http://www.devnull.org/schema/zuul-spring-client"
       xmlns:context="http://www.springframework.org/schema/context"
       xsi:schemaLocation="
http://www.springframework.org/schema/beans http://www.springframework.org/schema/beans/spring-beans-3.1.xsd
http://www.devnull.org/schema/zuul-spring-client http://www.devnull.org/schema/zuul-spring-client-1.1.xsd
http://www.springframework.org/schema/context http://www.springframework.org/schema/context/spring-context-3.1.xsd">


    <context:property-placeholder properties-ref="appDataConfig"/>
    <zuul:properties id="appDataConfig" host="localhost" config="app-data-config" port="8081" environment="prod" ssl="false"/>
</beans>
