<?xml version="1.0" encoding="UTF-8"?>
<beans xmlns="http://www.springframework.org/schema/beans"
       xmlns:xsi="http://www.w3.org/2001/XMLSchema-instance"
       xmlns:encryption="http://www.jasypt.org/schema/encryption"
       xsi:schemaLocation="http://www.springframework.org/schema/beans http://www.springframework.org/schema/beans/spring-beans-3.1.xsd
http://www.jasypt.org/schema/encryption http://www.jasypt.org/schema/encryption/jasypt-spring31-encryption-1.xsd">

    <encryption:string-encryptor id="encryptor" password="badpassword1"/>
    <encryption:encryptable-property-placeholder
            location="http://localhost:8081/zuul/settings/prod/app-data-config.properties"
            encryptor="encryptor"/>

</beans>
